2014-08-21 14:11:37,072 - INFO     - Loaded all the data from config_devices.xml                  - __init__
2014-08-21 14:11:37,079 - INFO     - Loaded the data for APD 1 in config_devices.xml              - __init__
2014-08-21 14:11:37,086 - INFO     - Loaded the data for Lock-in in config_devices.xml            - __init__
2014-08-21 14:11:37,092 - INFO     - Loaded the data for Power Meter in config_devices.xml        - __init__
2014-08-21 14:11:37,100 - INFO     - Loaded the data for Photodiode in config_devices.xml         - __init__
2014-08-21 14:11:37,107 - INFO     - Loaded the data for x piezo in config_devices.xml            - __init__
2014-08-21 14:11:37,114 - INFO     - Loaded the data for y piezo in config_devices.xml            - __init__
2014-08-21 14:11:37,122 - INFO     - Loaded the data for z piezo in config_devices.xml            - __init__
2014-08-21 14:11:37,129 - INFO     - Loaded the data for AOM in config_devices.xml                - __init__
2014-08-21 14:11:37,136 - INFO     - Init the class with process adwin.T99                        - __init__
2014-08-21 14:11:37,228 - INFO     - Loaded process 9                                             - load
2014-08-21 14:11:37,335 - INFO     - Started process 9                                            - start
2014-08-21 14:11:37,354 - INFO     - Waiting                                                      - wait
2014-08-21 14:11:37,458 - INFO     - Started process 9                                            - start
2014-08-21 14:11:37,476 - INFO     - Waiting                                                      - wait
2014-08-21 14:11:37,581 - INFO     - Started process 9                                            - start
2014-08-21 14:11:37,599 - INFO     - Waiting                                                      - wait
2014-08-21 14:11:37,707 - INFO     - Started process 9                                            - start
2014-08-21 14:11:37,725 - INFO     - Waiting                                                      - wait
2014-08-21 14:11:39,093 - INFO     - Loaded the data for Fifo in config_variables.xml             - __init__
2014-08-21 14:11:39,102 - INFO     - Loaded the data for Par in config_variables.xml              - __init__
2014-08-21 14:11:39,109 - INFO     - Init the class with process monitor.T90                      - __init__
2014-08-21 14:11:39,116 - INFO     - Loaded the data for APD 1 in config_devices.xml              - __init__
2014-08-21 14:11:39,202 - INFO     - Loaded process 10                                            - load
2014-08-21 14:11:39,209 - INFO     - Started process 10                                           - start
2014-08-21 14:15:15,926 - INFO     - Loaded all the data from config_devices.xml                  - __init__
2014-08-21 14:15:15,933 - INFO     - Loaded the data for APD 1 in config_devices.xml              - __init__
2014-08-21 14:15:15,940 - INFO     - Loaded the data for Lock-in in config_devices.xml            - __init__
2014-08-21 14:15:15,947 - INFO     - Loaded the data for Power Meter in config_devices.xml        - __init__
2014-08-21 14:15:15,954 - INFO     - Loaded the data for Photodiode in config_devices.xml         - __init__
2014-08-21 14:15:15,962 - INFO     - Loaded the data for x piezo in config_devices.xml            - __init__
2014-08-21 14:15:15,969 - INFO     - Loaded the data for y piezo in config_devices.xml            - __init__
2014-08-21 14:15:15,976 - INFO     - Loaded the data for z piezo in config_devices.xml            - __init__
2014-08-21 14:15:15,983 - INFO     - Loaded the data for AOM in config_devices.xml                - __init__
2014-08-21 14:15:15,990 - INFO     - Init the class with process adwin.T99                        - __init__
2014-08-21 14:15:16,083 - INFO     - Loaded process 9                                             - load
2014-08-21 14:15:16,193 - INFO     - Started process 9                                            - start
2014-08-21 14:15:16,212 - INFO     - Waiting                                                      - wait
2014-08-21 14:15:16,317 - INFO     - Started process 9                                            - start
2014-08-21 14:15:16,335 - INFO     - Waiting                                                      - wait
2014-08-21 14:15:16,441 - INFO     - Started process 9                                            - start
2014-08-21 14:15:16,460 - INFO     - Waiting                                                      - wait
2014-08-21 14:15:16,564 - INFO     - Started process 9                                            - start
2014-08-21 14:15:16,583 - INFO     - Waiting                                                      - wait
2014-08-21 14:15:18,371 - INFO     - Loaded the data for Fifo in config_variables.xml             - __init__
2014-08-21 14:15:18,380 - INFO     - Loaded the data for Par in config_variables.xml              - __init__
2014-08-21 14:15:18,387 - INFO     - Init the class with process monitor.T90                      - __init__
2014-08-21 14:15:18,394 - INFO     - Loaded the data for APD 1 in config_devices.xml              - __init__
2014-08-21 14:15:18,472 - INFO     - Loaded process 10                                            - load
2014-08-21 14:15:18,480 - INFO     - Started process 10                                           - start
2014-08-21 14:16:58,493 - INFO     - Loaded all the data from config_devices.xml                  - __init__
2014-08-21 14:16:58,501 - INFO     - Loaded the data for APD 1 in config_devices.xml              - __init__
2014-08-21 14:16:58,508 - INFO     - Loaded the data for Lock-in in config_devices.xml            - __init__
2014-08-21 14:16:58,515 - INFO     - Loaded the data for Power Meter in config_devices.xml        - __init__
2014-08-21 14:16:58,522 - INFO     - Loaded the data for Photodiode in config_devices.xml         - __init__
2014-08-21 14:16:58,530 - INFO     - Loaded the data for x piezo in config_devices.xml            - __init__
2014-08-21 14:16:58,537 - INFO     - Loaded the data for y piezo in config_devices.xml            - __init__
2014-08-21 14:16:58,544 - INFO     - Loaded the data for z piezo in config_devices.xml            - __init__
2014-08-21 14:16:58,551 - INFO     - Loaded the data for AOM in config_devices.xml                - __init__
2014-08-21 14:16:58,558 - INFO     - Init the class with process adwin.T99                        - __init__
2014-08-21 14:16:58,653 - INFO     - Loaded process 9                                             - load
2014-08-21 14:16:58,763 - INFO     - Started process 9                                            - start
2014-08-21 14:16:58,782 - INFO     - Waiting                                                      - wait
2014-08-21 14:16:58,887 - INFO     - Started process 9                                            - start
2014-08-21 14:16:58,906 - INFO     - Waiting                                                      - wait
2014-08-21 14:16:59,012 - INFO     - Started process 9                                            - start
2014-08-21 14:16:59,031 - INFO     - Waiting                                                      - wait
2014-08-21 14:16:59,139 - INFO     - Started process 9                                            - start
2014-08-21 14:16:59,157 - INFO     - Waiting                                                      - wait
2014-08-21 14:17:01,394 - INFO     - Loaded the data for Fifo in config_variables.xml             - __init__
2014-08-21 14:17:01,403 - INFO     - Loaded the data for Par in config_variables.xml              - __init__
2014-08-21 14:17:01,411 - INFO     - Init the class with process monitor.T90                      - __init__
2014-08-21 14:17:01,418 - INFO     - Loaded the data for APD 1 in config_devices.xml              - __init__
2014-08-21 14:17:01,496 - INFO     - Loaded process 10                                            - load
2014-08-21 14:17:01,504 - INFO     - Started process 10                                           - start
2014-08-21 14:17:11,243 - INFO     - Loaded the data for Fifo in config_variables.xml             - __init__
2014-08-21 14:17:11,252 - INFO     - Loaded the data for Par in config_variables.xml              - __init__
2014-08-21 14:17:11,260 - INFO     - Init the class with process adwin.T99                        - __init__
2014-08-21 14:17:11,353 - INFO     - Loaded process 9                                             - load
2014-08-21 14:17:11,361 - INFO     - Loaded the data for APD 1 in config_devices.xml              - __init__
2014-08-21 14:17:11,368 - INFO     - Loaded the data for Photodiode in config_devices.xml         - __init__
2014-08-21 14:17:11,375 - INFO     - Loaded the data for y piezo in config_devices.xml            - __init__
2014-08-21 14:17:11,382 - INFO     - Loaded the data for x piezo in config_devices.xml            - __init__
2014-08-21 14:17:12,516 - INFO     - Making a dynamic scan                                        - scan_dynamic
2014-08-21 14:17:12,516 - INFO     - Range(45.0,55.0) for device y piezo                          - scan_dynamic
2014-08-21 14:17:12,517 - INFO     - Range(45.0,55.0) for device x piezo                          - scan_dynamic
2014-08-21 14:17:12,558 - INFO     - Started process 9                                            - start
2014-08-21 14:17:17,742 - INFO     - Stopped process 9                                            - stop
2014-08-21 14:17:19,735 - INFO     - Stopped process 9                                            - stop
2014-08-21 14:21:30,860 - INFO     - Loaded all the data from config_devices.xml                  - __init__
2014-08-21 14:21:30,868 - INFO     - Loaded the data for APD 1 in config_devices.xml              - __init__
2014-08-21 14:21:30,875 - INFO     - Loaded the data for Lock-in in config_devices.xml            - __init__
2014-08-21 14:21:30,882 - INFO     - Loaded the data for Power Meter in config_devices.xml        - __init__
2014-08-21 14:21:30,889 - INFO     - Loaded the data for Photodiode in config_devices.xml         - __init__
2014-08-21 14:21:30,896 - INFO     - Loaded the data for x piezo in config_devices.xml            - __init__
2014-08-21 14:21:30,904 - INFO     - Loaded the data for y piezo in config_devices.xml            - __init__
2014-08-21 14:21:30,911 - INFO     - Loaded the data for z piezo in config_devices.xml            - __init__
2014-08-21 14:21:30,918 - INFO     - Loaded the data for AOM in config_devices.xml                - __init__
2014-08-21 14:21:30,925 - INFO     - Init the class with process adwin.T99                        - __init__
2014-08-21 14:21:31,017 - INFO     - Loaded process 9                                             - load
2014-08-21 14:21:31,127 - INFO     - Started process 9                                            - start
2014-08-21 14:21:31,146 - INFO     - Waiting                                                      - wait
2014-08-21 14:21:31,250 - INFO     - Started process 9                                            - start
2014-08-21 14:21:31,269 - INFO     - Waiting                                                      - wait
2014-08-21 14:21:31,376 - INFO     - Started process 9                                            - start
2014-08-21 14:21:31,395 - INFO     - Waiting                                                      - wait
2014-08-21 14:21:31,499 - INFO     - Started process 9                                            - start
2014-08-21 14:21:31,518 - INFO     - Waiting                                                      - wait
2014-08-21 14:21:32,881 - INFO     - Loaded the data for Fifo in config_variables.xml             - __init__
2014-08-21 14:21:32,890 - INFO     - Loaded the data for Par in config_variables.xml              - __init__
2014-08-21 14:21:32,897 - INFO     - Init the class with process monitor.T90                      - __init__
2014-08-21 14:21:32,904 - INFO     - Loaded the data for APD 1 in config_devices.xml              - __init__
2014-08-21 14:21:32,987 - INFO     - Loaded process 10                                            - load
2014-08-21 14:21:32,994 - INFO     - Started process 10                                           - start
2014-08-21 14:24:09,619 - INFO     - Loaded all the data from config_devices.xml                  - __init__
2014-08-21 14:24:09,626 - INFO     - Loaded the data for APD 1 in config_devices.xml              - __init__
2014-08-21 14:24:09,633 - INFO     - Loaded the data for Lock-in in config_devices.xml            - __init__
2014-08-21 14:24:09,640 - INFO     - Loaded the data for Power Meter in config_devices.xml        - __init__
2014-08-21 14:24:09,647 - INFO     - Loaded the data for Photodiode in config_devices.xml         - __init__
2014-08-21 14:24:09,655 - INFO     - Loaded the data for x piezo in config_devices.xml            - __init__
2014-08-21 14:24:09,662 - INFO     - Loaded the data for y piezo in config_devices.xml            - __init__
2014-08-21 14:24:09,670 - INFO     - Loaded the data for z piezo in config_devices.xml            - __init__
2014-08-21 14:24:09,677 - INFO     - Loaded the data for AOM in config_devices.xml                - __init__
2014-08-21 14:24:09,684 - INFO     - Init the class with process adwin.T99                        - __init__
2014-08-21 14:24:09,781 - INFO     - Loaded process 9                                             - load
2014-08-21 14:24:09,891 - INFO     - Started process 9                                            - start
2014-08-21 14:24:09,911 - INFO     - Waiting                                                      - wait
2014-08-21 14:24:10,019 - INFO     - Started process 9                                            - start
2014-08-21 14:24:10,037 - INFO     - Waiting                                                      - wait
2014-08-21 14:24:10,145 - INFO     - Started process 9                                            - start
2014-08-21 14:24:10,164 - INFO     - Waiting                                                      - wait
2014-08-21 14:24:10,269 - INFO     - Started process 9                                            - start
2014-08-21 14:24:10,288 - INFO     - Waiting                                                      - wait
2014-08-21 14:24:12,032 - INFO     - Loaded the data for Fifo in config_variables.xml             - __init__
2014-08-21 14:24:12,042 - INFO     - Loaded the data for Par in config_variables.xml              - __init__
2014-08-21 14:24:12,049 - INFO     - Init the class with process monitor.T90                      - __init__
2014-08-21 14:24:12,057 - INFO     - Loaded the data for APD 1 in config_devices.xml              - __init__
2014-08-21 14:24:12,136 - INFO     - Loaded process 10                                            - load
2014-08-21 14:24:12,144 - INFO     - Started process 10                                           - start
2014-08-21 14:26:56,353 - INFO     - Loaded all the data from config_devices.xml                  - __init__
2014-08-21 14:26:56,361 - INFO     - Loaded the data for APD 1 in config_devices.xml              - __init__
2014-08-21 14:26:56,368 - INFO     - Loaded the data for Lock-in in config_devices.xml            - __init__
2014-08-21 14:26:56,375 - INFO     - Loaded the data for Power Meter in config_devices.xml        - __init__
2014-08-21 14:26:56,382 - INFO     - Loaded the data for Photodiode in config_devices.xml         - __init__
2014-08-21 14:26:56,389 - INFO     - Loaded the data for x piezo in config_devices.xml            - __init__
2014-08-21 14:26:56,396 - INFO     - Loaded the data for y piezo in config_devices.xml            - __init__
2014-08-21 14:26:56,404 - INFO     - Loaded the data for z piezo in config_devices.xml            - __init__
2014-08-21 14:26:56,411 - INFO     - Loaded the data for AOM in config_devices.xml                - __init__
2014-08-21 14:26:56,419 - INFO     - Init the class with process adwin.T99                        - __init__
2014-08-21 14:26:56,510 - INFO     - Loaded process 9                                             - load
2014-08-21 14:26:56,619 - INFO     - Started process 9                                            - start
2014-08-21 14:26:56,639 - INFO     - Waiting                                                      - wait
2014-08-21 14:26:56,745 - INFO     - Started process 9                                            - start
2014-08-21 14:26:56,764 - INFO     - Waiting                                                      - wait
2014-08-21 14:26:56,872 - INFO     - Started process 9                                            - start
2014-08-21 14:26:56,891 - INFO     - Waiting                                                      - wait
2014-08-21 14:26:56,996 - INFO     - Started process 9                                            - start
2014-08-21 14:26:57,016 - INFO     - Waiting                                                      - wait
2014-08-21 14:26:57,847 - INFO     - Loaded the data for Fifo in config_variables.xml             - __init__
2014-08-21 14:26:57,856 - INFO     - Loaded the data for Par in config_variables.xml              - __init__
2014-08-21 14:26:57,863 - INFO     - Init the class with process monitor.T90                      - __init__
2014-08-21 14:26:57,871 - INFO     - Loaded the data for APD 1 in config_devices.xml              - __init__
2014-08-21 14:26:57,950 - INFO     - Loaded process 10                                            - load
2014-08-21 14:26:57,958 - INFO     - Started process 10                                           - start
2014-08-21 14:29:34,040 - INFO     - Loaded all the data from config_devices.xml                  - __init__
2014-08-21 14:29:34,048 - INFO     - Loaded the data for APD 1 in config_devices.xml              - __init__
2014-08-21 14:29:34,055 - INFO     - Loaded the data for Lock-in in config_devices.xml            - __init__
2014-08-21 14:29:34,062 - INFO     - Loaded the data for Power Meter in config_devices.xml        - __init__
2014-08-21 14:29:34,069 - INFO     - Loaded the data for Photodiode in config_devices.xml         - __init__
2014-08-21 14:29:34,076 - INFO     - Loaded the data for x piezo in config_devices.xml            - __init__
2014-08-21 14:29:34,084 - INFO     - Loaded the data for y piezo in config_devices.xml            - __init__
2014-08-21 14:29:34,091 - INFO     - Loaded the data for z piezo in config_devices.xml            - __init__
2014-08-21 14:29:34,098 - INFO     - Loaded the data for AOM in config_devices.xml                - __init__
2014-08-21 14:29:34,105 - INFO     - Init the class with process adwin.T99                        - __init__
2014-08-21 14:29:34,205 - INFO     - Loaded process 9                                             - load
2014-08-21 14:29:34,313 - INFO     - Started process 9                                            - start
2014-08-21 14:29:34,332 - INFO     - Waiting                                                      - wait
2014-08-21 14:29:34,437 - INFO     - Started process 9                                            - start
2014-08-21 14:29:34,455 - INFO     - Waiting                                                      - wait
2014-08-21 14:29:34,562 - INFO     - Started process 9                                            - start
2014-08-21 14:29:34,581 - INFO     - Waiting                                                      - wait
2014-08-21 14:29:34,685 - INFO     - Started process 9                                            - start
2014-08-21 14:29:34,704 - INFO     - Waiting                                                      - wait
2014-08-21 14:29:35,733 - INFO     - Loaded the data for Fifo in config_variables.xml             - __init__
2014-08-21 14:29:35,742 - INFO     - Loaded the data for Par in config_variables.xml              - __init__
2014-08-21 14:29:35,749 - INFO     - Init the class with process monitor.T90                      - __init__
2014-08-21 14:29:35,756 - INFO     - Loaded the data for APD 1 in config_devices.xml              - __init__
2014-08-21 14:29:35,834 - INFO     - Loaded process 10                                            - load
2014-08-21 14:29:35,841 - INFO     - Started process 10                                           - start
2014-08-21 14:29:46,869 - INFO     - Loaded the data for Fifo in config_variables.xml             - __init__
2014-08-21 14:29:46,878 - INFO     - Loaded the data for Par in config_variables.xml              - __init__
2014-08-21 14:29:46,886 - INFO     - Init the class with process adwin.T99                        - __init__
2014-08-21 14:29:46,979 - INFO     - Loaded process 9                                             - load
2014-08-21 14:29:46,987 - INFO     - Loaded the data for APD 1 in config_devices.xml              - __init__
2014-08-21 14:29:46,994 - INFO     - Loaded the data for Photodiode in config_devices.xml         - __init__
2014-08-21 14:29:47,002 - INFO     - Loaded the data for x piezo in config_devices.xml            - __init__
2014-08-21 14:29:47,009 - INFO     - Loaded the data for y piezo in config_devices.xml            - __init__
2014-08-21 14:29:48,138 - INFO     - Making a dynamic scan                                        - scan_dynamic
2014-08-21 14:29:48,138 - INFO     - Range(45.0,55.0) for device x piezo                          - scan_dynamic
2014-08-21 14:29:48,139 - INFO     - Range(45.0,55.0) for device y piezo                          - scan_dynamic
2014-08-21 14:29:48,180 - INFO     - Started process 9                                            - start
2014-08-21 14:33:00,734 - INFO     - Loaded all the data from config/config_devices.xml           - __init__
2014-08-21 14:33:00,741 - INFO     - Loaded the data for APD 1 in config/config_devices.xml       - __init__
2014-08-21 14:33:00,749 - INFO     - Loaded the data for Lock-in in config/config_devices.xml     - __init__
2014-08-21 14:33:00,757 - INFO     - Loaded the data for Power Meter in config/config_devices.xml - __init__
2014-08-21 14:33:00,764 - INFO     - Loaded the data for Photodiode in config/config_devices.xml  - __init__
2014-08-21 14:33:00,771 - INFO     - Loaded the data for x piezo in config/config_devices.xml     - __init__
2014-08-21 14:33:00,778 - INFO     - Loaded the data for y piezo in config/config_devices.xml     - __init__
2014-08-21 14:33:00,786 - INFO     - Loaded the data for z piezo in config/config_devices.xml     - __init__
2014-08-21 14:33:00,793 - INFO     - Loaded the data for AOM in config/config_devices.xml         - __init__
2014-08-21 14:33:00,800 - INFO     - Init the class with process adwin.T99                        - __init__
2014-08-21 14:33:00,892 - INFO     - Loaded process 9                                             - load
2014-08-21 14:33:01,005 - INFO     - Started process 9                                            - start
2014-08-21 14:33:01,024 - INFO     - Waiting                                                      - wait
2014-08-21 14:33:01,129 - INFO     - Started process 9                                            - start
2014-08-21 14:33:01,148 - INFO     - Waiting                                                      - wait
2014-08-21 14:33:01,254 - INFO     - Started process 9                                            - start
2014-08-21 14:33:01,272 - INFO     - Waiting                                                      - wait
2014-08-21 14:33:01,379 - INFO     - Started process 9                                            - start
2014-08-21 14:33:01,398 - INFO     - Waiting                                                      - wait
2014-08-21 14:33:03,619 - INFO     - Loaded the data for Fifo in config/config_variables.xml      - __init__
2014-08-21 14:33:03,628 - INFO     - Loaded the data for Par in config/config_variables.xml       - __init__
2014-08-21 14:33:03,635 - INFO     - Init the class with process monitor.T90                      - __init__
2014-08-21 14:33:03,643 - INFO     - Loaded the data for APD 1 in config/config_devices.xml       - __init__
2014-08-21 14:33:03,721 - INFO     - Loaded process 10                                            - load
2014-08-21 14:33:03,728 - INFO     - Started process 10                                           - start
2014-08-21 14:33:12,797 - INFO     - Loaded the data for Fifo in config/config_variables.xml      - __init__
2014-08-21 14:33:12,806 - INFO     - Loaded the data for Par in config/config_variables.xml       - __init__
2014-08-21 14:33:12,813 - INFO     - Init the class with process adwin.T99                        - __init__
2014-08-21 14:33:12,907 - INFO     - Loaded process 9                                             - load
2014-08-21 14:33:12,914 - INFO     - Loaded the data for APD 1 in config/config_devices.xml       - __init__
2014-08-21 14:33:12,921 - INFO     - Loaded the data for Photodiode in config/config_devices.xml  - __init__
2014-08-21 14:33:12,929 - INFO     - Loaded the data for x piezo in config/config_devices.xml     - __init__
2014-08-21 14:33:12,936 - INFO     - Loaded the data for y piezo in config/config_devices.xml     - __init__
2014-08-21 14:33:14,075 - INFO     - Making a dynamic scan                                        - scan_dynamic
2014-08-21 14:33:14,075 - INFO     - Range(45.0,55.0) for device x piezo                          - scan_dynamic
2014-08-21 14:33:14,075 - INFO     - Range(45.0,55.0) for device y piezo                          - scan_dynamic
2014-08-21 14:33:14,116 - INFO     - Started process 9                                            - start
2014-08-21 14:33:17,320 - INFO     - Stopped process 9                                            - stop
2014-08-21 14:33:18,215 - INFO     - Stopped process 9                                            - stop
2014-08-21 14:36:09,805 - INFO     - Loaded all the data from config/config_devices.xml           - __init__
2014-08-21 14:36:09,813 - INFO     - Loaded the data for APD 1 in config/config_devices.xml       - __init__
2014-08-21 14:36:09,820 - INFO     - Loaded the data for Lock-in in config/config_devices.xml     - __init__
2014-08-21 14:36:09,828 - INFO     - Loaded the data for Power Meter in config/config_devices.xml - __init__
2014-08-21 14:36:09,835 - INFO     - Loaded the data for Photodiode in config/config_devices.xml  - __init__
2014-08-21 14:36:09,842 - INFO     - Loaded the data for x piezo in config/config_devices.xml     - __init__
2014-08-21 14:36:09,850 - INFO     - Loaded the data for y piezo in config/config_devices.xml     - __init__
2014-08-21 14:36:09,857 - INFO     - Loaded the data for z piezo in config/config_devices.xml     - __init__
2014-08-21 14:36:09,865 - INFO     - Loaded the data for AOM in config/config_devices.xml         - __init__
2014-08-21 14:36:09,872 - INFO     - Init the class with process lib/adbasic/adwin.T99            - __init__
2014-08-21 14:36:09,965 - INFO     - Loaded process 9                                             - load
2014-08-21 14:36:10,075 - INFO     - Started process 9                                            - start
2014-08-21 14:36:10,094 - INFO     - Waiting                                                      - wait
2014-08-21 14:36:10,202 - INFO     - Started process 9                                            - start
2014-08-21 14:36:10,221 - INFO     - Waiting                                                      - wait
2014-08-21 14:36:10,328 - INFO     - Started process 9                                            - start
2014-08-21 14:36:10,347 - INFO     - Waiting                                                      - wait
2014-08-21 14:36:10,455 - INFO     - Started process 9                                            - start
2014-08-21 14:36:10,473 - INFO     - Waiting                                                      - wait
2014-08-21 14:36:12,443 - INFO     - Loaded the data for Fifo in config/config_variables.xml      - __init__
2014-08-21 14:36:12,453 - INFO     - Loaded the data for Par in config/config_variables.xml       - __init__
2014-08-21 14:36:12,460 - INFO     - Init the class with process lib/adbasic/adwin.T99            - __init__
2014-08-21 14:36:12,554 - INFO     - Loaded process 9                                             - load
2014-08-21 14:36:12,561 - INFO     - Loaded the data for APD 1 in config/config_devices.xml       - __init__
2014-08-21 14:36:12,681 - INFO     - Making dynamic timetrace with APD 1                          - get_timetrace_dynamic
2014-08-21 14:36:12,681 - INFO     - for 10.0s and precision of 0.01s                             - get_timetrace_dynamic
2014-08-21 14:36:12,721 - INFO     - Started process 9                                            - start
2014-08-21 14:36:12,729 - WARNING  - not enough elements in the fifo array                        - get_fifo
2014-08-21 14:36:16,271 - INFO     - Stopped process 9                                            - stop
2014-08-21 14:36:18,658 - INFO     - Loaded the data for Fifo in config/config_variables.xml      - __init__
2014-08-21 14:36:18,667 - INFO     - Loaded the data for Par in config/config_variables.xml       - __init__
2014-08-21 14:36:18,675 - INFO     - Init the class with process lib/adbasic/monitor.T90          - __init__
2014-08-21 14:36:18,684 - INFO     - Loaded the data for Photodiode in config/config_devices.xml  - __init__
2014-08-21 14:36:18,764 - INFO     - Loaded process 10                                            - load
2014-08-21 14:36:18,771 - INFO     - Started process 10                                           - start
2014-08-21 14:36:22,155 - INFO     - Loaded the data for Fifo in config/config_variables.xml      - __init__
2014-08-21 14:36:22,165 - INFO     - Loaded the data for Par in config/config_variables.xml       - __init__
2014-08-21 14:36:22,172 - INFO     - Init the class with process lib/adbasic/monitor.T90          - __init__
2014-08-21 14:36:22,179 - INFO     - Loaded the data for APD 1 in config/config_devices.xml       - __init__
2014-08-21 14:36:22,259 - INFO     - Loaded process 10                                            - load
2014-08-21 14:36:22,266 - INFO     - Started process 10                                           - start
2014-08-21 14:36:25,290 - INFO     - Loaded the data for Fifo in config/config_variables.xml      - __init__
2014-08-21 14:36:25,300 - INFO     - Loaded the data for Par in config/config_variables.xml       - __init__
2014-08-21 14:36:25,307 - INFO     - Init the class with process lib/adbasic/monitor.T90          - __init__
2014-08-21 14:36:25,315 - INFO     - Loaded the data for APD 1 in config/config_devices.xml       - __init__
2014-08-21 14:36:25,393 - INFO     - Loaded process 10                                            - load
2014-08-21 14:36:25,401 - INFO     - Started process 10                                           - start
2014-08-21 14:36:36,701 - WARNING  - not enough elements in the fifo array                        - get_fifo
2014-08-21 14:36:36,769 - WARNING  - not enough elements in the fifo array                        - get_fifo
2014-08-21 14:36:36,882 - WARNING  - not enough elements in the fifo array                        - get_fifo
2014-08-21 14:36:36,989 - WARNING  - not enough elements in the fifo array                        - get_fifo
2014-08-21 14:36:37,097 - WARNING  - not enough elements in the fifo array                        - get_fifo
2014-08-21 14:36:37,206 - WARNING  - not enough elements in the fifo array                        - get_fifo
2014-08-21 14:36:37,317 - WARNING  - not enough elements in the fifo array                        - get_fifo
2014-08-21 14:36:37,425 - WARNING  - not enough elements in the fifo array                        - get_fifo
2014-08-21 14:36:37,534 - WARNING  - not enough elements in the fifo array                        - get_fifo
2014-08-21 14:36:37,643 - WARNING  - not enough elements in the fifo array                        - get_fifo
2014-08-21 14:36:37,757 - WARNING  - not enough elements in the fifo array                        - get_fifo
2014-08-21 14:36:37,864 - WARNING  - not enough elements in the fifo array                        - get_fifo
2014-08-21 14:36:37,973 - WARNING  - not enough elements in the fifo array                        - get_fifo
2014-08-21 14:36:38,082 - WARNING  - not enough elements in the fifo array                        - get_fifo
2014-08-21 14:36:38,194 - WARNING  - not enough elements in the fifo array                        - get_fifo
2014-08-21 14:36:38,299 - WARNING  - not enough elements in the fifo array                        - get_fifo
2014-08-21 14:36:38,408 - WARNING  - not enough elements in the fifo array                        - get_fifo
2014-08-21 14:36:38,517 - WARNING  - not enough elements in the fifo array                        - get_fifo
2014-08-21 14:36:38,628 - WARNING  - not enough elements in the fifo array                        - get_fifo
2014-08-21 14:36:38,735 - WARNING  - not enough elements in the fifo array                        - get_fifo
2014-08-21 14:36:38,844 - WARNING  - not enough elements in the fifo array                        - get_fifo
2014-08-21 14:36:38,956 - WARNING  - not enough elements in the fifo array                        - get_fifo
2014-08-21 14:36:39,064 - WARNING  - not enough elements in the fifo array                        - get_fifo
2014-08-21 14:36:39,175 - WARNING  - not enough elements in the fifo array                        - get_fifo
2014-08-21 14:36:39,281 - WARNING  - not enough elements in the fifo array                        - get_fifo
2014-08-21 14:36:39,395 - WARNING  - not enough elements in the fifo array                        - get_fifo
2014-08-21 14:36:39,502 - WARNING  - not enough elements in the fifo array                        - get_fifo
2014-08-21 14:36:39,611 - WARNING  - not enough elements in the fifo array                        - get_fifo
2014-08-21 14:36:39,718 - WARNING  - not enough elements in the fifo array                        - get_fifo
2014-08-21 14:36:39,826 - WARNING  - not enough elements in the fifo array                        - get_fifo
2014-08-21 14:36:39,941 - WARNING  - not enough elements in the fifo array                        - get_fifo
2014-08-21 14:36:40,049 - WARNING  - not enough elements in the fifo array                        - get_fifo
2014-08-21 14:36:40,155 - WARNING  - not enough elements in the fifo array                        - get_fifo
2014-08-21 14:36:40,265 - WARNING  - not enough elements in the fifo array                        - get_fifo
2014-08-21 14:36:40,381 - WARNING  - not enough elements in the fifo array                        - get_fifo
2014-08-21 14:36:40,481 - WARNING  - not enough elements in the fifo array                        - get_fifo
2014-08-21 14:36:40,593 - WARNING  - not enough elements in the fifo array                        - get_fifo
2014-08-21 14:37:02,550 - INFO     - Loaded all the data from config/config_devices.xml           - __init__
2014-08-21 14:37:02,557 - INFO     - Loaded the data for APD 1 in config/config_devices.xml       - __init__
2014-08-21 14:37:02,564 - INFO     - Loaded the data for Lock-in in config/config_devices.xml     - __init__
2014-08-21 14:37:02,571 - INFO     - Loaded the data for Power Meter in config/config_devices.xml - __init__
2014-08-21 14:37:02,579 - INFO     - Loaded the data for Photodiode in config/config_devices.xml  - __init__
2014-08-21 14:37:02,585 - INFO     - Loaded the data for x piezo in config/config_devices.xml     - __init__
2014-08-21 14:37:02,593 - INFO     - Loaded the data for y piezo in config/config_devices.xml     - __init__
2014-08-21 14:37:02,600 - INFO     - Loaded the data for z piezo in config/config_devices.xml     - __init__
2014-08-21 14:37:02,607 - INFO     - Loaded the data for AOM in config/config_devices.xml         - __init__
2014-08-21 14:37:02,614 - INFO     - Init the class with process lib/adbasic/adwin.T99            - __init__
2014-08-21 14:37:02,712 - INFO     - Loaded process 9                                             - load
2014-08-21 14:37:02,820 - INFO     - Started process 9                                            - start
2014-08-21 14:37:02,839 - INFO     - Waiting                                                      - wait
2014-08-21 14:37:02,947 - INFO     - Started process 9                                            - start
2014-08-21 14:37:02,966 - INFO     - Waiting                                                      - wait
2014-08-21 14:37:03,071 - INFO     - Started process 9                                            - start
2014-08-21 14:37:03,090 - INFO     - Waiting                                                      - wait
2014-08-21 14:37:03,196 - INFO     - Started process 9                                            - start
2014-08-21 14:37:03,215 - INFO     - Waiting                                                      - wait
2014-08-21 14:37:04,914 - INFO     - Loaded the data for Fifo in config/config_variables.xml      - __init__
2014-08-21 14:37:04,924 - INFO     - Loaded the data for Par in config/config_variables.xml       - __init__
2014-08-21 14:37:04,931 - INFO     - Init the class with process lib/adbasic/monitor.T90          - __init__
2014-08-21 14:37:04,938 - INFO     - Loaded the data for APD 1 in config/config_devices.xml       - __init__
2014-08-21 14:37:05,017 - INFO     - Loaded process 10                                            - load
2014-08-21 14:37:05,024 - INFO     - Started process 10                                           - start
2014-08-21 14:38:02,570 - INFO     - Loaded the data for Fifo in config/config_variables.xml      - __init__
2014-08-21 14:38:02,579 - INFO     - Loaded the data for Par in config/config_variables.xml       - __init__
2014-08-21 14:38:02,586 - INFO     - Init the class with process lib/adbasic/monitor.T90          - __init__
2014-08-21 14:38:02,593 - INFO     - Loaded the data for APD 1 in config/config_devices.xml       - __init__
2014-08-21 14:38:02,671 - INFO     - Loaded process 10                                            - load
2014-08-21 14:38:02,679 - INFO     - Started process 10                                           - start
